
ROM used: 2107 (26%)
          2420 (30%) including unused fragments

          1 Average locations per line
          3 Average locations per statement

RAM used: 30 (8%) at main() level
          61 (17%) worst case

Stack used: 5 worst case (out of 8 total available)

Lines Stmts  %   Files
----- ----- ---  -----
  157    63  10  tempFijada.c
  425     0   0  ..\..\..\..\Program Files (x86)\PICC\devices\16F887.H
 1273   359  55  ..\..\..\..\Program Files (x86)\PICC\drivers\stdlib.h
   28     0   0  ..\..\..\..\Program Files (x86)\PICC\drivers\stddef.h
  409   121  19  ..\..\..\..\Program Files (x86)\PICC\drivers\string.h
   28     0   0  ..\..\..\..\Program Files (x86)\PICC\drivers\ctype.h
  348    67  10  ..\..\..\..\Program Files (x86)\PICC\drivers\LCD.C
  150    43   7  ..\..\..\..\Program Files (x86)\PICC\drivers\KBD4x4.C
----- -----
 2818   653 Total

Page ROM  %  RAM   Vol Diff  Functions:
---- --- --- ---   --- ----  ----------
0     21   1   1             @delay_ms1
 Inline        6             @MULS1616
0    117   6  13             @MULFF
0     31   1   2             @ITOF
0    323  15  16             @ADDFF
0    310  15  11  1817 10.4  atol
0      8   0   0             @const345
 Inline        3   587  6.0  lcd_read_byte
0      6   0   0    59  4.2  lcd_read_nibble
0     12   1   1   172  3.4  lcd_send_nibble
0     59   3   3   317  4.3  lcd_send_byte
0     48   2   2   624  5.8  lcd_init
0     18   1   4   186  5.5  lcd_gotoxy
0     37   2   1   272  4.1  lcd_putc
0     20   1   0             @const369
0      3   0   0     3  0.0  kbd_init
0    104   5   3  5865 10.1  kbd_getc
0      8   0   0             @goto11317
0     35   2   3   249  5.0  tecla_time
1    372  18   7  1593  9.2  MAIN
0      1   0   0             @const398
0     70   3   3             @PSTRINGC7_362
0      5   0   0             @const401
0      5   0   0             @const402
0      1   0   0             @const403
0      8   0   0             @const404
0     78   4   4             @PSTRINGCN7_362
 Inline        5             @FTOSD
0     66   3  13             @DIV3232
0    233  11  13             @PRINTF_L32D_362FPFPF
0     39   2   2             @SITOF
0     65   3  10             @FLT

Program metrics:
    Functions               12
    Statements              653
    Comments                1039
    Volume (V)              16265
    Difficilty (D)          66.5
    Effort to implement (E) 1080955
    Time to implement (T)   16 hours, 41 minutes
    Est Delivered Bugs (B)  4
    Cyclomatic Complexity   35
    Maintainability (MI)    116

 Segment     Used  Free
-----------  ----  ----
00000-00003     4  0  
00004-007FF  1731  313  
00800-00FFF   372  1676  
01000-017FF     0  2048  
01800-01FFF     0  2048  



